C:\Users\Prabhat\OneDrive\Documents\Visual Studio 2010\Projects\Test\Cone\Debug\cl.command.1.tlog
C:\Users\Prabhat\OneDrive\Documents\Visual Studio 2010\Projects\Test\Cone\Debug\CL.read.1.tlog
C:\Users\Prabhat\OneDrive\Documents\Visual Studio 2010\Projects\Test\Cone\Debug\CL.write.1.tlog
C:\USERS\PRABHAT\ONEDRIVE\DOCUMENTS\VISUAL STUDIO 2010\PROJECTS\TEST\CONE\DEBUG\CONE.EXE.EMBED.MANIFEST
C:\USERS\PRABHAT\ONEDRIVE\DOCUMENTS\VISUAL STUDIO 2010\PROJECTS\TEST\CONE\DEBUG\CONE.EXE.EMBED.MANIFEST.RES
C:\USERS\PRABHAT\ONEDRIVE\DOCUMENTS\VISUAL STUDIO 2010\PROJECTS\TEST\CONE\DEBUG\CONE.EXE.INTERMEDIATE.MANIFEST
C:\Users\Prabhat\OneDrive\Documents\Visual Studio 2010\Projects\Test\Cone\Debug\Cone.vcxprojResolveAssemblyReference.cache
C:\Users\Prabhat\OneDrive\Documents\Visual Studio 2010\Projects\Test\Cone\Debug\Cone.write.1.tlog
C:\USERS\PRABHAT\ONEDRIVE\DOCUMENTS\VISUAL STUDIO 2010\PROJECTS\TEST\CONE\DEBUG\CONE_LIGHT.OBJ
C:\Users\Prabhat\OneDrive\Documents\Visual Studio 2010\Projects\Test\Cone\Debug\Cone_manifest.rc
C:\Users\Prabhat\OneDrive\Documents\Visual Studio 2010\Projects\Test\Cone\Debug\link.15328.read.1.tlog
C:\Users\Prabhat\OneDrive\Documents\Visual Studio 2010\Projects\Test\Cone\Debug\link.15328.write.1.tlog
C:\Users\Prabhat\OneDrive\Documents\Visual Studio 2010\Projects\Test\Cone\Debug\link.15328-cvtres.read.1.tlog
C:\Users\Prabhat\OneDrive\Documents\Visual Studio 2010\Projects\Test\Cone\Debug\link.15328-cvtres.write.1.tlog
C:\Users\Prabhat\OneDrive\Documents\Visual Studio 2010\Projects\Test\Cone\Debug\link.command.1.tlog
C:\Users\Prabhat\OneDrive\Documents\Visual Studio 2010\Projects\Test\Cone\Debug\link.read.1.tlog
C:\Users\Prabhat\OneDrive\Documents\Visual Studio 2010\Projects\Test\Cone\Debug\link.write.1.tlog
C:\Users\Prabhat\OneDrive\Documents\Visual Studio 2010\Projects\Test\Cone\Debug\link-cvtres.read.1.tlog
C:\Users\Prabhat\OneDrive\Documents\Visual Studio 2010\Projects\Test\Cone\Debug\link-cvtres.write.1.tlog
C:\Users\Prabhat\OneDrive\Documents\Visual Studio 2010\Projects\Test\Cone\Debug\mt.command.1.tlog
C:\Users\Prabhat\OneDrive\Documents\Visual Studio 2010\Projects\Test\Cone\Debug\mt.read.1.tlog
C:\Users\Prabhat\OneDrive\Documents\Visual Studio 2010\Projects\Test\Cone\Debug\mt.write.1.tlog
C:\Users\Prabhat\OneDrive\Documents\Visual Studio 2010\Projects\Test\Cone\Debug\rc.command.1.tlog
C:\Users\Prabhat\OneDrive\Documents\Visual Studio 2010\Projects\Test\Cone\Debug\rc.read.1.tlog
C:\Users\Prabhat\OneDrive\Documents\Visual Studio 2010\Projects\Test\Cone\Debug\rc.write.1.tlog
C:\Users\Prabhat\OneDrive\Documents\Visual Studio 2010\Projects\Test\Cone\Debug\vc100.idb
C:\USERS\PRABHAT\ONEDRIVE\DOCUMENTS\VISUAL STUDIO 2010\PROJECTS\TEST\CONE\DEBUG\VC100.PDB
C:\USERS\PRABHAT\ONEDRIVE\DOCUMENTS\VISUAL STUDIO 2010\PROJECTS\TEST\DEBUG\CONE.EXE
C:\USERS\PRABHAT\ONEDRIVE\DOCUMENTS\VISUAL STUDIO 2010\PROJECTS\TEST\DEBUG\CONE.ILK
C:\USERS\PRABHAT\ONEDRIVE\DOCUMENTS\VISUAL STUDIO 2010\PROJECTS\TEST\DEBUG\CONE.PDB
