C:\USERS\PRABHAT\ONEDRIVE\DOCUMENTS\VISUAL STUDIO 2010\PROJECTS\TEST\DEBUG\LIGHT.EXE
C:\USERS\PRABHAT\ONEDRIVE\DOCUMENTS\VISUAL STUDIO 2010\PROJECTS\TEST\DEBUG\LIGHT.ILK
C:\USERS\PRABHAT\ONEDRIVE\DOCUMENTS\VISUAL STUDIO 2010\PROJECTS\TEST\DEBUG\LIGHT.PDB
C:\Users\Prabhat\OneDrive\Documents\Visual Studio 2010\Projects\Test\Light\Debug\cl.command.1.tlog
C:\Users\Prabhat\OneDrive\Documents\Visual Studio 2010\Projects\Test\Light\Debug\CL.read.1.tlog
C:\Users\Prabhat\OneDrive\Documents\Visual Studio 2010\Projects\Test\Light\Debug\CL.write.1.tlog
C:\USERS\PRABHAT\ONEDRIVE\DOCUMENTS\VISUAL STUDIO 2010\PROJECTS\TEST\LIGHT\DEBUG\LIGHT.EXE.EMBED.MANIFEST
C:\USERS\PRABHAT\ONEDRIVE\DOCUMENTS\VISUAL STUDIO 2010\PROJECTS\TEST\LIGHT\DEBUG\LIGHT.EXE.EMBED.MANIFEST.RES
C:\USERS\PRABHAT\ONEDRIVE\DOCUMENTS\VISUAL STUDIO 2010\PROJECTS\TEST\LIGHT\DEBUG\LIGHT.EXE.INTERMEDIATE.MANIFEST
C:\USERS\PRABHAT\ONEDRIVE\DOCUMENTS\VISUAL STUDIO 2010\PROJECTS\TEST\LIGHT\DEBUG\LIGHT.OBJ
C:\Users\Prabhat\OneDrive\Documents\Visual Studio 2010\Projects\Test\Light\Debug\Light.vcxprojResolveAssemblyReference.cache
C:\Users\Prabhat\OneDrive\Documents\Visual Studio 2010\Projects\Test\Light\Debug\Light.write.1.tlog
C:\Users\Prabhat\OneDrive\Documents\Visual Studio 2010\Projects\Test\Light\Debug\Light_manifest.rc
C:\Users\Prabhat\OneDrive\Documents\Visual Studio 2010\Projects\Test\Light\Debug\link.9888.read.1.tlog
C:\Users\Prabhat\OneDrive\Documents\Visual Studio 2010\Projects\Test\Light\Debug\link.9888.write.1.tlog
C:\Users\Prabhat\OneDrive\Documents\Visual Studio 2010\Projects\Test\Light\Debug\link.9888-cvtres.read.1.tlog
C:\Users\Prabhat\OneDrive\Documents\Visual Studio 2010\Projects\Test\Light\Debug\link.9888-cvtres.write.1.tlog
C:\Users\Prabhat\OneDrive\Documents\Visual Studio 2010\Projects\Test\Light\Debug\link.command.1.tlog
C:\Users\Prabhat\OneDrive\Documents\Visual Studio 2010\Projects\Test\Light\Debug\link.read.1.tlog
C:\Users\Prabhat\OneDrive\Documents\Visual Studio 2010\Projects\Test\Light\Debug\link.write.1.tlog
C:\Users\Prabhat\OneDrive\Documents\Visual Studio 2010\Projects\Test\Light\Debug\link-cvtres.read.1.tlog
C:\Users\Prabhat\OneDrive\Documents\Visual Studio 2010\Projects\Test\Light\Debug\link-cvtres.write.1.tlog
C:\Users\Prabhat\OneDrive\Documents\Visual Studio 2010\Projects\Test\Light\Debug\mt.command.1.tlog
C:\Users\Prabhat\OneDrive\Documents\Visual Studio 2010\Projects\Test\Light\Debug\mt.read.1.tlog
C:\Users\Prabhat\OneDrive\Documents\Visual Studio 2010\Projects\Test\Light\Debug\mt.write.1.tlog
C:\Users\Prabhat\OneDrive\Documents\Visual Studio 2010\Projects\Test\Light\Debug\rc.command.1.tlog
C:\Users\Prabhat\OneDrive\Documents\Visual Studio 2010\Projects\Test\Light\Debug\rc.read.1.tlog
C:\Users\Prabhat\OneDrive\Documents\Visual Studio 2010\Projects\Test\Light\Debug\rc.write.1.tlog
C:\Users\Prabhat\OneDrive\Documents\Visual Studio 2010\Projects\Test\Light\Debug\vc100.idb
C:\USERS\PRABHAT\ONEDRIVE\DOCUMENTS\VISUAL STUDIO 2010\PROJECTS\TEST\LIGHT\DEBUG\VC100.PDB
