Build started 08-06-2017 01:25:52 PM.
     1>Project "C:\Users\Prabhat\OneDrive\documents\visual studio 2010\Projects\Test\fountain\fountain.vcxproj" on node 2 (build target(s)).
     1>InitializeBuildStatus:
         Creating "Debug\fountain.unsuccessfulbuild" because "AlwaysCreate" was specified.
       ClCompile:
         C:\Program Files (x86)\Microsoft Visual Studio 10.0\VC\bin\CL.exe /c /ZI /nologo /W3 /WX- /Od /Oy- /D WIN32 /D _DEBUG /D _CONSOLE /D _UNICODE /D UNICODE /Gm /EHsc /RTC1 /MDd /GS /fp:precise /Zc:wchar_t /Zc:forScope /Fo"Debug\\" /Fd"Debug\vc100.pdb" /Gd /TP /analyze- /errorReport:prompt water.cpp
         water.cpp
       ManifestResourceCompile:
         All outputs are up-to-date.
       Link:
         C:\Program Files (x86)\Microsoft Visual Studio 10.0\VC\bin\link.exe /ERRORREPORT:PROMPT /OUT:"C:\Users\Prabhat\onedrive\documents\visual studio 2010\Projects\Test\Debug\fountain.exe" /INCREMENTAL /NOLOGO kernel32.lib user32.lib gdi32.lib winspool.lib comdlg32.lib advapi32.lib shell32.lib ole32.lib oleaut32.lib uuid.lib odbc32.lib odbccp32.lib /MANIFEST /ManifestFile:"Debug\fountain.exe.intermediate.manifest" /MANIFESTUAC:"level='asInvoker' uiAccess='false'" /DEBUG /PDB:"C:\Users\Prabhat\onedrive\documents\visual studio 2010\Projects\Test\Debug\fountain.pdb" /SUBSYSTEM:CONSOLE /TLBID:1 /DYNAMICBASE /NXCOMPAT /IMPLIB:"C:\Users\Prabhat\onedrive\documents\visual studio 2010\Projects\Test\Debug\fountain.lib" /MACHINE:X86 Debug\fountain.exe.embed.manifest.res
         Debug\water.obj
       Manifest:
         C:\Program Files (x86)\Microsoft SDKs\Windows\v7.0A\bin\mt.exe /nologo /verbose /out:"Debug\fountain.exe.embed.manifest" /manifest Debug\fountain.exe.intermediate.manifest
         All outputs are up-to-date.
       LinkEmbedManifest:
         All outputs are up-to-date.
         fountain.vcxproj -> C:\Users\Prabhat\onedrive\documents\visual studio 2010\Projects\Test\Debug\fountain.exe
       FinalizeBuildStatus:
         Deleting file "Debug\fountain.unsuccessfulbuild".
         Touching "Debug\fountain.lastbuildstate".
     1>Done Building Project "C:\Users\Prabhat\OneDrive\documents\visual studio 2010\Projects\Test\fountain\fountain.vcxproj" (build target(s)).

Build succeeded.

Time Elapsed 00:00:01.64
